Arguments: 
  C:\Program Files\nodejs\node.exe C:\Program Files (x86)\Yarn\bin\yarn.js add https://github.com/OpenZeppelin/openzeppelin-contracts/solc-0.7

PATH: 
  C:\Program Files\Git\mingw64\bin;C:\Program Files\Git\usr\bin;C:\Users\Mick de Graaf\bin;C:\Windows\system32;C:\Windows;C:\Windows\System32\Wbem;C:\Windows\System32\WindowsPowerShell\v1.0;C:\Windows\System32\OpenSSH;C:\Program Files\nodejs;C:\Program Files (x86)\Yarn\bin;C:\Program Files\Git\cmd;C:\Users\Mick de Graaf\AppData\Local\Microsoft\WindowsApps;C:\Users\Mick de Graaf\AppData\Roaming\npm;C:\Users\Mick de Graaf\AppData\Local\Yarn\bin;C:\Users\Mick de Graaf\AppData\Local\GitHubDesktop\bin;C:\Users\Mick de Graaf\AppData\Local\Programs\Microsoft VS Code\bin

Yarn version: 
  1.22.4

Node version: 
  12.18.3

Platform: 
  win32 x64

Trace: 
  Error: https://github.com/OpenZeppelin/openzeppelin-contracts/solc-0.7: Request failed "404 Not Found"
      at ResponseError.ExtendableBuiltin (C:\Program Files (x86)\Yarn\lib\cli.js:696:66)
      at new ResponseError (C:\Program Files (x86)\Yarn\lib\cli.js:802:124)
      at Request.<anonymous> (C:\Program Files (x86)\Yarn\lib\cli.js:66166:16)
      at Request.emit (events.js:315:20)
      at Request.module.exports.Request.onRequestResponse (C:\Program Files (x86)\Yarn\lib\cli.js:141625:10)
      at ClientRequest.emit (events.js:315:20)
      at HTTPParser.parserOnIncomingClient [as onIncoming] (_http_client.js:596:27)
      at HTTPParser.parserOnHeadersComplete (_http_common.js:119:17)
      at TLSSocket.socketOnData (_http_client.js:469:22)
      at TLSSocket.emit (events.js:315:20)

npm manifest: 
  {
    "name": "diamond-standard-reference-implementation",
    "version": "1.0.2",
    "description": "This is the default package.json generated for your project",
    "main": "index.js",
    "scripts": {
      "test": "echo \"Error: no test specified\" && exit 1"
    },
    "author": "",
    "license": "ISC",
    "dependencies": {
      "truffle": "^5.1.40"
    },
    "devDependencies": {
      "standard": "^14.3.4"
    }
  }

yarn manifest: 
  No manifest

Lockfile: 
  No lockfile
